<?xml version="1.0" encoding="UTF-8"?>
<!-- Generated by org.testng.reporters.JUnitReportReporter -->
<testsuite hostname="DESKTOP-IG79IBO" failures="0" tests="1" name="com.testcases.Events_TestCase" time="4.108" errors="0" timestamp="2023-06-19T15:57:53 IST" skipped="0">
  <testcase classname="com.testcases.Events_TestCase" name="events" time="4.108"/>
  <system-out/>
</testsuite> <!-- com.testcases.Events_TestCase -->
