<?xml version="1.0" encoding="UTF-8"?>
<!-- Generated by org.testng.reporters.JUnitReportReporter -->
<testsuite hostname="DESKTOP-IG79IBO" failures="0" tests="1" name="com.testcases.Donation_TestCase" time="47.248" errors="0" timestamp="2023-06-22T10:56:15 IST" skipped="0">
  <testcase classname="com.testcases.Donation_TestCase" name="donation_FullPage" time="47.248"/>
  <system-out/>
</testsuite> <!-- com.testcases.Donation_TestCase -->
