<?xml version="1.0" encoding="UTF-8"?>
<!-- Generated by org.testng.reporters.JUnitReportReporter -->
<testsuite hostname="DESKTOP-IG79IBO" failures="0" tests="1" name="com.testcases.Logout_TestCase" time="0.804" errors="0" timestamp="2023-06-21T17:51:16 IST" skipped="0">
  <testcase classname="com.testcases.Logout_TestCase" name="logout_Click" time="0.804"/>
  <system-out/>
</testsuite> <!-- com.testcases.Logout_TestCase -->
