<?xml version="1.0" encoding="UTF-8"?>
<!-- Generated by org.testng.reporters.JUnitReportReporter -->
<testsuite hostname="DESKTOP-IG79IBO" failures="0" tests="1" name="com.testcases.UserListTestCase" time="5.306" errors="0" timestamp="2023-06-22T10:56:15 IST" skipped="0">
  <testcase classname="com.testcases.UserListTestCase" name="userListPage" time="5.306"/>
  <system-out/>
</testsuite> <!-- com.testcases.UserListTestCase -->
