<?xml version="1.0" encoding="UTF-8"?>
<!-- Generated by org.testng.reporters.JUnitReportReporter -->
<testsuite hostname="DESKTOP-IG79IBO" failures="0" tests="1" name="com.testcases.User_Search_Filter_Testcase" time="4.733" errors="0" timestamp="2023-06-14T13:53:14 IST" skipped="0">
  <testcase classname="com.testcases.User_Search_Filter_Testcase" name="date_selection" time="4.733"/>
  <system-out/>
</testsuite> <!-- com.testcases.User_Search_Filter_Testcase -->
