<?xml version="1.0" encoding="UTF-8"?>
<!-- Generated by org.testng.reporters.JUnitReportReporter -->
<testsuite hostname="DESKTOP-IG79IBO" failures="0" tests="1" name="com.testcases.Expense_TestCase" time="77.926" errors="0" timestamp="2023-06-19T11:44:13 IST" skipped="0">
  <testcase classname="com.testcases.Expense_TestCase" name="expense_All" time="77.926"/>
  <system-out/>
</testsuite> <!-- com.testcases.Expense_TestCase -->
