<?xml version="1.0" encoding="UTF-8"?>
<!-- Generated by org.testng.reporters.JUnitReportReporter -->
<testsuite hostname="DESKTOP-IG79IBO" failures="0" tests="1" name="com.testcases.Income_TestCase" time="3.338" errors="0" timestamp="2023-06-22T10:56:15 IST" skipped="0">
  <testcase classname="com.testcases.Income_TestCase" name="income_full_page" time="3.338"/>
  <system-out/>
</testsuite> <!-- com.testcases.Income_TestCase -->
