<?xml version="1.0" encoding="UTF-8"?>
<!-- Generated by org.testng.reporters.JUnitReportReporter -->
<testsuite hostname="DESKTOP-IG79IBO" failures="0" tests="1" name="com.testcases.UserTestcase" time="4.105" errors="0" timestamp="2023-06-14T13:53:14 IST" skipped="0">
  <testcase classname="com.testcases.UserTestcase" name="userFullPage" time="4.105"/>
  <system-out/>
</testsuite> <!-- com.testcases.UserTestcase -->
