<?xml version="1.0" encoding="UTF-8"?>
<!-- Generated by org.testng.reporters.JUnitReportReporter -->
<testsuite hostname="DESKTOP-IG79IBO" failures="0" tests="1" name="com.testcases.Expense_TestCase" time="113.005" errors="0" timestamp="2023-06-22T16:31:12 IST" skipped="0">
  <testcase classname="com.testcases.Expense_TestCase" name="expense_All" time="113.005"/>
  <system-out/>
</testsuite> <!-- com.testcases.Expense_TestCase -->
