<?xml version="1.0" encoding="UTF-8"?>
<!-- Generated by org.testng.reporters.JUnitReportReporter -->
<testsuite hostname="DESKTOP-IG79IBO" failures="0" tests="1" name="com.testcases.Member_Testcase" time="5.125" errors="0" timestamp="2023-06-20T12:21:24 IST" skipped="0">
  <testcase classname="com.testcases.Member_Testcase" name="memeber" time="5.125"/>
  <system-out/>
</testsuite> <!-- com.testcases.Member_Testcase -->
