<?xml version="1.0" encoding="UTF-8"?>
<!-- Generated by org.testng.reporters.JUnitReportReporter -->
<testsuite hostname="DESKTOP-IG79IBO" failures="0" tests="1" name="com.testcases.UserListTestCase" time="6.889" errors="0" timestamp="2023-06-14T13:53:14 IST" skipped="0">
  <testcase classname="com.testcases.UserListTestCase" name="userListPage" time="6.889"/>
  <system-out/>
</testsuite> <!-- com.testcases.UserListTestCase -->
