<?xml version="1.0" encoding="UTF-8"?>
<!-- Generated by org.testng.reporters.JUnitReportReporter -->
<testsuite hostname="DESKTOP-IG79IBO" failures="0" tests="1" name="com.testcases.Login_Testcase" time="2.827" errors="0" timestamp="2023-06-14T22:01:24 IST" skipped="0">
  <testcase classname="com.testcases.Login_Testcase" name="verify_Login" time="2.827"/>
  <system-out/>
</testsuite> <!-- com.testcases.Login_Testcase -->
