<?xml version="1.0" encoding="UTF-8"?>
<!-- Generated by org.testng.reporters.JUnitReportReporter -->
<testsuite hostname="DESKTOP-IG79IBO" failures="0" tests="1" name="com.crmmain.CrmMain" time="9.612" errors="0" timestamp="2023-06-09T13:42:44 IST" skipped="0">
  <testcase classname="com.crmmain.CrmMain" name="browser" time="9.612"/>
  <system-out/>
</testsuite> <!-- com.crmmain.CrmMain -->
