<?xml version="1.0" encoding="UTF-8"?>
<!-- Generated by org.testng.reporters.JUnitReportReporter -->
<testsuite hostname="DESKTOP-IG79IBO" failures="0" tests="1" name="com.testcases.Certificate_TestCase" time="3.625" errors="0" timestamp="2023-06-22T10:56:15 IST" skipped="0">
  <testcase classname="com.testcases.Certificate_TestCase" name="certificate_FullPage" time="3.625"/>
  <system-out/>
</testsuite> <!-- com.testcases.Certificate_TestCase -->
