<?xml version="1.0" encoding="UTF-8"?>
<!-- Generated by org.testng.reporters.JUnitReportReporter -->
<testsuite hostname="DESKTOP-IG79IBO" failures="0" tests="1" name="com.testcases.Registration_TestCase" time="27.298" errors="0" timestamp="2023-06-22T10:56:15 IST" skipped="0">
  <testcase classname="com.testcases.Registration_TestCase" name="registration_FullPage" time="27.298"/>
  <system-out/>
</testsuite> <!-- com.testcases.Registration_TestCase -->
