<?xml version="1.0" encoding="UTF-8"?>
<!-- Generated by org.testng.reporters.JUnitReportReporter -->
<testsuite hostname="DESKTOP-IG79IBO" failures="0" tests="1" name="com.testcases.Income_TestCase" time="4.400" errors="0" timestamp="2023-06-14T22:01:24 IST" skipped="0">
  <testcase classname="com.testcases.Income_TestCase" name="income_full_page" time="4.400"/>
  <system-out/>
</testsuite> <!-- com.testcases.Income_TestCase -->
