<?xml version="1.0" encoding="UTF-8"?>
<!-- Generated by org.testng.reporters.JUnitReportReporter -->
<testsuite hostname="DESKTOP-IG79IBO" failures="0" tests="1" name="com.testcases.Donation_TestCase" time="46.009" errors="0" timestamp="2023-06-21T14:01:12 IST" skipped="0">
  <testcase classname="com.testcases.Donation_TestCase" name="donation_FullPage" time="46.009"/>
  <system-out/>
</testsuite> <!-- com.testcases.Donation_TestCase -->
