<?xml version="1.0" encoding="UTF-8"?>
<!-- Generated by org.testng.reporters.JUnitReportReporter -->
<testsuite hostname="DESKTOP-IG79IBO" failures="0" tests="1" name="com.testcases.Asset_TestCase" time="6.936" errors="0" timestamp="2023-06-21T10:04:01 IST" skipped="0">
  <testcase classname="com.testcases.Asset_TestCase" name="asset_FullPage" time="6.936"/>
  <system-out/>
</testsuite> <!-- com.testcases.Asset_TestCase -->
